<?xml version="1.0" encoding="UTF-8"?>
<testsuite xmlns:xsi="http://www.w3.org/2001/XMLSchema-instance" xsi:noNamespaceSchemaLocation="https://maven.apache.org/surefire/maven-surefire-plugin/xsd/surefire-test-report.xsd" name="com.finch.app.TestRecognizerAccept" time="0.405" tests="5" errors="0" skipped="0" failures="0">
  <properties>
[...]
</properties>
  <testcase name="shouldAcceptInput[0]" classname="com.finch.app.TestRecognizerAccept" time="0.161"/>
  <testcase name="shouldAcceptInput[1]" classname="com.finch.app.TestRecognizerAccept" time="0.02"/>
  <testcase name="shouldAcceptInput[2]" classname="com.finch.app.TestRecognizerAccept" time="0.022"/>
  <testcase name="shouldAcceptInput[3]" classname="com.finch.app.TestRecognizerAccept" time="0.041"/>
  <testcase name="shouldAcceptInput[4]" classname="com.finch.app.TestRecognizerAccept" time="0.119"/>
</testsuite>